<?xml version="1.0" encoding="UTF-8"?>
<testsuite name="com.phonebook.tests.AddContactTests" tests="8" skipped="0" failures="0" errors="0" timestamp="2024-03-06T09:00:17" hostname="DESKTOP-4TCU6A3" time="82.194">
  <properties/>
  <testcase name="addContactPositiveTest" classname="com.phonebook.tests.AddContactTests" time="1.814"/>
  <testcase name="addContactPositiveTestFromDataProvider[0](Oliver, Kan, 1234567890, kan@gm.com, Berlin, goalkeeper)" classname="com.phonebook.tests.AddContactTests" time="1.166"/>
  <testcase name="addContactPositiveTestFromDataProvider[1](Oliver1, Kan, 1234567890, kan@gm.com, Berlin, goalkeeper)" classname="com.phonebook.tests.AddContactTests" time="1.176"/>
  <testcase name="addContactPositiveTestFromDataProvider[2](Oliver2, Kan, 1234567890, kan@gm.com, Berlin, goalkeeper)" classname="com.phonebook.tests.AddContactTests" time="1.117"/>
  <testcase name="addContactPositiveTestFromDataProviderWithFile[0](Contact{name='Oliver', phone='12365478952'})" classname="com.phonebook.tests.AddContactTests" time="1.101"/>
  <testcase name="addContactPositiveTestFromDataProviderWithFile[1](Contact{name='Oli', phone='12035648974'})" classname="com.phonebook.tests.AddContactTests" time="1.122"/>
  <testcase name="addContactPositiveTestFromDataProviderWithFile[2](Contact{name='Oliveroliveroliver', phone='12358942587'})" classname="com.phonebook.tests.AddContactTests" time="1.099"/>
  <testcase name="addContactPositiveTestFromDataProviderWithFile[3](Contact{name='Oliver-Oliver', phone='1205362147855'})" classname="com.phonebook.tests.AddContactTests" time="1.091"/>
  <system-out><![CDATA[10:00:16.735 [Test worker] INFO  com.phonebook.tests.TestBase -- Start test addContactPositiveTest with data: []
10:00:17.143 [Test worker] INFO  com.phonebook.tests.TestBase -- Add to:
10:00:19.032 [Test worker] INFO  com.phonebook.tests.TestBase -- PASSED: addContactPositiveTest
10:00:19.032 [Test worker] INFO  com.phonebook.tests.TestBase -- Stop test
10:00:19.032 [Test worker] INFO  com.phonebook.tests.TestBase -- ******************
10:00:19.040 [Test worker] INFO  com.phonebook.tests.TestBase -- Start test addContactPositiveTestFromDataProvider with data: [Oliver, Kan, 1234567890, kan@gm.com, Berlin, goalkeeper]
10:00:29.339 [Test worker] INFO  com.phonebook.tests.TestBase -- Add to:
10:00:30.563 [Test worker] INFO  com.phonebook.tests.TestBase -- PASSED: addContactPositiveTestFromDataProvider
10:00:30.563 [Test worker] INFO  com.phonebook.tests.TestBase -- Stop test
10:00:30.563 [Test worker] INFO  com.phonebook.tests.TestBase -- ******************
10:00:30.564 [Test worker] INFO  com.phonebook.tests.TestBase -- Start test addContactPositiveTestFromDataProvider with data: [Oliver1, Kan, 1234567890, kan@gm.com, Berlin, goalkeeper]
10:00:40.852 [Test worker] INFO  com.phonebook.tests.TestBase -- Add to:
10:00:42.085 [Test worker] INFO  com.phonebook.tests.TestBase -- PASSED: addContactPositiveTestFromDataProvider
10:00:42.085 [Test worker] INFO  com.phonebook.tests.TestBase -- Stop test
10:00:42.085 [Test worker] INFO  com.phonebook.tests.TestBase -- ******************
10:00:42.085 [Test worker] INFO  com.phonebook.tests.TestBase -- Start test addContactPositiveTestFromDataProvider with data: [Oliver2, Kan, 1234567890, kan@gm.com, Berlin, goalkeeper]
10:00:52.367 [Test worker] INFO  com.phonebook.tests.TestBase -- Add to:
10:00:53.539 [Test worker] INFO  com.phonebook.tests.TestBase -- PASSED: addContactPositiveTestFromDataProvider
10:00:53.539 [Test worker] INFO  com.phonebook.tests.TestBase -- Stop test
10:00:53.539 [Test worker] INFO  com.phonebook.tests.TestBase -- ******************
10:00:53.541 [Test worker] INFO  com.phonebook.tests.TestBase -- Start test addContactPositiveTestFromDataProviderWithFile with data: [Contact{name='Oliver', phone='12365478952'}]
10:01:03.818 [Test worker] INFO  com.phonebook.tests.TestBase -- Add to:
10:01:04.980 [Test worker] INFO  com.phonebook.tests.TestBase -- PASSED: addContactPositiveTestFromDataProviderWithFile
10:01:04.980 [Test worker] INFO  com.phonebook.tests.TestBase -- Stop test
10:01:04.980 [Test worker] INFO  com.phonebook.tests.TestBase -- ******************
10:01:04.981 [Test worker] INFO  com.phonebook.tests.TestBase -- Start test addContactPositiveTestFromDataProviderWithFile with data: [Contact{name='Oli', phone='12035648974'}]
10:01:15.260 [Test worker] INFO  com.phonebook.tests.TestBase -- Add to:
10:01:16.440 [Test worker] INFO  com.phonebook.tests.TestBase -- PASSED: addContactPositiveTestFromDataProviderWithFile
10:01:16.440 [Test worker] INFO  com.phonebook.tests.TestBase -- Stop test
10:01:16.440 [Test worker] INFO  com.phonebook.tests.TestBase -- ******************
10:01:16.441 [Test worker] INFO  com.phonebook.tests.TestBase -- Start test addContactPositiveTestFromDataProviderWithFile with data: [Contact{name='Oliveroliveroliver', phone='12358942587'}]
10:01:26.765 [Test worker] INFO  com.phonebook.tests.TestBase -- Add to:
10:01:27.922 [Test worker] INFO  com.phonebook.tests.TestBase -- PASSED: addContactPositiveTestFromDataProviderWithFile
10:01:27.922 [Test worker] INFO  com.phonebook.tests.TestBase -- Stop test
10:01:27.922 [Test worker] INFO  com.phonebook.tests.TestBase -- ******************
10:01:27.923 [Test worker] INFO  com.phonebook.tests.TestBase -- Start test addContactPositiveTestFromDataProviderWithFile with data: [Contact{name='Oliver-Oliver', phone='1205362147855'}]
10:01:38.245 [Test worker] INFO  com.phonebook.tests.TestBase -- Add to:
10:01:39.399 [Test worker] INFO  com.phonebook.tests.TestBase -- PASSED: addContactPositiveTestFromDataProviderWithFile
10:01:39.399 [Test worker] INFO  com.phonebook.tests.TestBase -- Stop test
10:01:39.399 [Test worker] INFO  com.phonebook.tests.TestBase -- ******************
]]></system-out>
  <system-err><![CDATA[]]></system-err>
</testsuite>
