<?xml version="1.0" encoding="UTF-8"?>
<testsuite name="com.phonebook.tests.HomePageTests" tests="1" skipped="0" failures="0" errors="0" timestamp="2024-03-06T09:02:12" hostname="DESKTOP-4TCU6A3" time="0.01">
  <properties/>
  <testcase name="isHomeComponentPresentTest" classname="com.phonebook.tests.HomePageTests" time="0.01"/>
  <system-out><![CDATA[10:02:02.650 [Test worker] INFO  com.phonebook.tests.TestBase -- Start test isHomeComponentPresentTest with data: []
10:02:12.731 [Test worker] INFO  com.phonebook.tests.TestBase -- PASSED: isHomeComponentPresentTest
10:02:12.732 [Test worker] INFO  com.phonebook.tests.TestBase -- Stop test
10:02:12.732 [Test worker] INFO  com.phonebook.tests.TestBase -- ******************
]]></system-out>
  <system-err><![CDATA[]]></system-err>
</testsuite>
