<?xml version="1.0" encoding="UTF-8"?>
<testsuite name="com.phonebook.tests.CreateAccountTest" tests="1" skipped="0" failures="0" errors="0" timestamp="2024-03-06T09:01:49" hostname="DESKTOP-4TCU6A3" time="0.749">
  <properties/>
  <testcase name="createExistedAccountNegativeTest" classname="com.phonebook.tests.CreateAccountTest" time="0.749"/>
  <system-out><![CDATA[10:01:39.401 [Test worker] INFO  com.phonebook.tests.TestBase -- Start test createExistedAccountNegativeTest with data: []
10:01:50.193 [Test worker] INFO  com.phonebook.tests.TestBase -- PASSED: createExistedAccountNegativeTest
10:01:50.193 [Test worker] INFO  com.phonebook.tests.TestBase -- Stop test
10:01:50.193 [Test worker] INFO  com.phonebook.tests.TestBase -- ******************
]]></system-out>
  <system-err><![CDATA[]]></system-err>
</testsuite>
