<?xml version="1.0" encoding="UTF-8"?>
<testsuite name="com.phonebook.tests.LoginTests" tests="1" skipped="0" failures="0" errors="0" timestamp="2024-03-06T09:22:21" hostname="DESKTOP-4TCU6A3" time="1.288">
  <properties/>
  <testcase name="loginNegativeWithoutEmail" classname="com.phonebook.tests.LoginTests" time="1.288"/>
  <system-out><![CDATA[10:22:21.029 [Test worker] INFO  com.phonebook.tests.TestBase -- Start test loginNegativeWithoutEmail with data: []
10:22:22.336 [Test worker] INFO  com.phonebook.tests.TestBase -- PASSED: loginNegativeWithoutEmail
10:22:22.338 [Test worker] INFO  com.phonebook.tests.TestBase -- Stop test
10:22:22.338 [Test worker] INFO  com.phonebook.tests.TestBase -- ******************
]]></system-out>
  <system-err><![CDATA[]]></system-err>
</testsuite>
