<?xml version="1.0" encoding="UTF-8"?>
<testsuite name="com.phonebook.tests.DeleteContactTests" tests="1" skipped="0" failures="0" errors="0" timestamp="2024-03-06T09:01:51" hostname="DESKTOP-4TCU6A3" time="11.409">
  <properties/>
  <testcase name="removeContactTest" classname="com.phonebook.tests.DeleteContactTests" time="11.409"/>
  <system-out><![CDATA[10:01:50.195 [Test worker] INFO  com.phonebook.tests.TestBase -- Start test removeContactTest with data: []
10:02:02.648 [Test worker] INFO  com.phonebook.tests.TestBase -- PASSED: removeContactTest
10:02:02.648 [Test worker] INFO  com.phonebook.tests.TestBase -- Stop test
10:02:02.648 [Test worker] INFO  com.phonebook.tests.TestBase -- ******************
]]></system-out>
  <system-err><![CDATA[]]></system-err>
</testsuite>
